<?xml version="1.0" encoding="UTF-8"?>
<testsuites>
  <testsuite name="" tests="1" assertions="1" errors="0" warnings="0" failures="0" skipped="0" time="0.027427">
    <testsuite name="P\Tests\ExampleTest" file="/home/rakhmatulin_s/work/zulip-php-client/vendor/pestphp/pest/src/Factories/TestCaseFactory.php(222) : eval()'d code" tests="1" assertions="1" errors="0" warnings="0" failures="0" skipped="0" time="0.027427">
      <testcase name="example" assertions="1" time="0.027427"/>
    </testsuite>
  </testsuite>
</testsuites>
